#
# There is insufficient memory for the Java Runtime Environment to continue.
# Native memory allocation (malloc) failed to allocate 1048576 bytes for AllocateHeap
# Possible reasons:
#   The system is out of physical RAM or swap space
#   In 32 bit mode, the process size limit was hit
# Possible solutions:
#   Reduce memory load on the system
#   Increase physical memory or swap space
#   Check if swap backing store is full
#   Use 64 bit Java on a 64 bit OS
#   Decrease Java heap size (-Xmx/-Xms)
#   Decrease number of Java threads
#   Decrease Java thread stack sizes (-Xss)
#   Set larger code cache with -XX:ReservedCodeCacheSize=
# This output file may be truncated or incomplete.
#
#  Out of Memory Error (memory/allocation.inline.hpp:61), pid=7676, tid=0x0000000000003e94
#
# JRE version:  (8.0_144-b01) (build )
# Java VM: Java HotSpot(TM) 64-Bit Server VM (25.144-b01 mixed mode windows-amd64 compressed oops)
# Failed to write core dump. Minidumps are not enabled by default on client versions of Windows
#

---------------  T H R E A D  ---------------

Current thread (0x0000000002b7d800):  JavaThread "Unknown thread" [_thread_in_vm, id=16020, stack(0x0000000002a00000,0x0000000002b00000)]

Stack: [0x0000000002a00000,0x0000000002b00000]
[error occurred during error reporting (printing stack bounds), id 0xc0000005]

Native frames: (J=compiled Java code, j=interpreted, Vv=VM code, C=native code)


---------------  P R O C E S S  ---------------

Java Threads: ( => current thread )

Other Threads:

=>0x0000000002b7d800 (exited) JavaThread "Unknown thread" [_thread_in_vm, id=16020, stack(0x0000000002a00000,0x0000000002b00000)]

VM state:not at safepoint (normal execution)

VM Mutex/Monitor currently owned by a thread: None

Heap:
 PSYoungGen      total 76288K, used 1310K [0x000000076b200000, 0x0000000770700000, 0x00000007c0000000)
  eden space 65536K, 2% used [0x000000076b200000,0x000000076b347af0,0x000000076f200000)
  from space 10752K, 0% used [0x000000076fc80000,0x000000076fc80000,0x0000000770700000)
  to   space 10752K, 0% used [0x000000076f200000,0x000000076f200000,0x000000076fc80000)
 ParOldGen       total 175104K, used 0K [0x00000006c1600000, 0x00000006cc100000, 0x000000076b200000)
  object space 175104K, 0% used [0x00000006c1600000,0x00000006c1600000,0x00000006cc100000)
 Metaspace       used 746K, capacity 4480K, committed 4480K, reserved 1056768K
  class space    used 75K, capacity 384K, committed 384K, reserved 1048576K

Card table byte_map: [0x0000000012040000,0x0000000012840000] byte_map_base: 0x000000000ea35000

Marking Bits: (ParMarkBitMap*) 0x000000006d70d850
 Begin Bits: [0x0000000013590000, 0x0000000017538000)
 End Bits:   [0x0000000017538000, 0x000000001b4e0000)

Polling page: 0x0000000002910000

CodeCache: size=245760Kb used=328Kb max_used=328Kb free=245431Kb
 bounds [0x0000000002c80000, 0x0000000002ef0000, 0x0000000011c80000]
 total_blobs=58 nmethods=0 adapters=38
 compilation: enabled

Compilation events (0 events):
No events

GC Heap History (0 events):
No events

Deoptimization events (0 events):
No events

Internal exceptions (0 events):
No events

Events (10 events):
Event: 0.037 loading class java/lang/Short
Event: 0.037 loading class java/lang/Short done
Event: 0.037 loading class java/lang/Integer
Event: 0.037 loading class java/lang/Integer done
Event: 0.037 loading class java/lang/Long
Event: 0.038 loading class java/lang/Long done
Event: 0.039 loading class java/lang/NullPointerException
Event: 0.039 loading class java/lang/NullPointerException done
Event: 0.039 loading class java/lang/ArithmeticException
Event: 0.039 loading class java/lang/ArithmeticException done


Dynamic libraries:
0x00007ff660880000 - 0x00007ff6608b7000 	C:\Program Files\Java\jre1.8.0_144\bin\javaw.exe
0x00007ffb2c3f0000 - 0x00007ffb2c5dd000 	C:\WINDOWS\SYSTEM32\ntdll.dll
0x00007ffb296b0000 - 0x00007ffb29763000 	C:\WINDOWS\System32\KERNEL32.DLL
0x00007ffb29060000 - 0x00007ffb292f3000 	C:\WINDOWS\System32\KERNELBASE.dll
0x00007ffb29810000 - 0x00007ffb298b3000 	C:\WINDOWS\System32\ADVAPI32.dll
0x00007ffb29770000 - 0x00007ffb2980e000 	C:\WINDOWS\System32\msvcrt.dll
0x00007ffb298c0000 - 0x00007ffb2995e000 	C:\WINDOWS\System32\sechost.dll
0x00007ffb2b070000 - 0x00007ffb2b192000 	C:\WINDOWS\System32\RPCRT4.dll
0x00007ffb2be90000 - 0x00007ffb2c027000 	C:\WINDOWS\System32\USER32.dll
0x00007ffb29520000 - 0x00007ffb29540000 	C:\WINDOWS\System32\win32u.dll
0x00007ffb29620000 - 0x00007ffb29649000 	C:\WINDOWS\System32\GDI32.dll
0x00007ffb29380000 - 0x00007ffb2951a000 	C:\WINDOWS\System32\gdi32full.dll
0x00007ffb28ec0000 - 0x00007ffb28f60000 	C:\WINDOWS\System32\msvcp_win.dll
0x00007ffb28f60000 - 0x00007ffb2905a000 	C:\WINDOWS\System32\ucrtbase.dll
0x00007ffb0c540000 - 0x00007ffb0c7b9000 	C:\WINDOWS\WinSxS\amd64_microsoft.windows.common-controls_6595b64144ccf1df_6.0.17763.475_none_05b43ca607202c6c\COMCTL32.dll
0x00007ffb2bb60000 - 0x00007ffb2be8c000 	C:\WINDOWS\System32\combase.dll
0x00007ffb29300000 - 0x00007ffb2937e000 	C:\WINDOWS\System32\bcryptPrimitives.dll
0x00007ffb2c230000 - 0x00007ffb2c25e000 	C:\WINDOWS\System32\IMM32.DLL
0x000000006cc50000 - 0x000000006cd22000 	C:\Program Files\Java\jre1.8.0_144\bin\msvcr100.dll
0x000000006cef0000 - 0x000000006d78d000 	C:\Program Files\Java\jre1.8.0_144\bin\server\jvm.dll
0x00007ffb2c030000 - 0x00007ffb2c038000 	C:\WINDOWS\System32\PSAPI.DLL
0x00007ffb039c0000 - 0x00007ffb039c9000 	C:\WINDOWS\SYSTEM32\WSOCK32.dll
0x00007ffb2b820000 - 0x00007ffb2b88d000 	C:\WINDOWS\System32\WS2_32.dll
0x00007ffb251d0000 - 0x00007ffb251f4000 	C:\WINDOWS\SYSTEM32\WINMM.dll
0x00007ffb203b0000 - 0x00007ffb203ba000 	C:\WINDOWS\SYSTEM32\VERSION.dll
0x00007ffb25190000 - 0x00007ffb251bd000 	C:\WINDOWS\SYSTEM32\WINMMBASE.dll
0x00007ffb295a0000 - 0x00007ffb295ea000 	C:\WINDOWS\System32\cfgmgr32.dll
0x000000006ce00000 - 0x000000006ce0f000 	C:\Program Files\Java\jre1.8.0_144\bin\verify.dll
0x000000006cdd0000 - 0x000000006cdf9000 	C:\Program Files\Java\jre1.8.0_144\bin\java.dll
0x000000006cdb0000 - 0x000000006cdc6000 	C:\Program Files\Java\jre1.8.0_144\bin\zip.dll

VM Arguments:
jvm_args: -Dfile.encoding=Cp1254 -Xbootclasspath:C:\Program Files\Java\jre1.8.0_144\lib\resources.jar;C:\Program Files\Java\jre1.8.0_144\lib\rt.jar;C:\Program Files\Java\jre1.8.0_144\lib\jsse.jar;C:\Program Files\Java\jre1.8.0_144\lib\jce.jar;C:\Program Files\Java\jre1.8.0_144\lib\charsets.jar;C:\Program Files\Java\jre1.8.0_144\lib\jfr.jar;C:\Program Files\Java\jre-9\lib\zemberek-cekirdek-2.1.1.jar;C:\Program Files\Java\jre-9\lib\zemberek-tr-2.1.1.jar 
java_command: Plagiarism.Test
java_class_path (initial): C:\Users\EMRE\eclipse-workspace\plagiarism-detection-sc\target\classes;C:\Users\EMRE\.m2\repository\org\ow2\asm\asm\6.0\asm-6.0.jar;C:\Users\EMRE\.m2\repository\org\ow2\asm\asm-util\6.0\asm-util-6.0.jar;C:\Users\EMRE\.m2\repository\org\ow2\asm\asm-tree\6.0\asm-tree-6.0.jar;C:\Users\EMRE\.m2\repository\org\ow2\asm\asm-all\5.1\asm-all-5.1.jar
Launcher Type: SUN_STANDARD

Environment Variables:
PATH=C:/Program Files/Java/jre1.8.0_144/bin/server;C:/Program Files/Java/jre1.8.0_144/bin;C:/Program Files/Java/jre1.8.0_144/lib/amd64;C:\Program Files (x86)\Intel\iCLS Client\;C:\ProgramData\Oracle\Java\javapath;C:\Program Files\Intel\iCLS Client\;C:\Windows\system32;C:\Windows;C:\Windows\System32\Wbem;C:\Windows\System32\WindowsPowerShell\v1.0\;C:\Program Files (x86)\NVIDIA Corporation\PhysX\Common;C:\Program Files (x86)\QuickTime\QTSystem\;C:\WINDOWS\system32;C:\WINDOWS;C:\WINDOWS\System32\Wbem;C:\WINDOWS\System32\WindowsPowerShell\v1.0\;C:\Program Files (x86)\GtkSharp\2.12\bin;C:\WINDOWS\System32\OpenSSH\;C:\Program Files (x86)\Intel\Intel(R) Management Engine Components\DAL;C:\Program Files\Intel\Intel(R) Management Engine Components\DAL;C:\Program Files (x86)\Intel\Intel(R) Management Engine Components\IPT;C:\Program Files\Intel\Intel(R) Management Engine Components\IPT;C:\Users\EMRE\AppData\Local\Microsoft\WindowsApps;;C:\Program Files\Microsoft VS Code\bin;C:\Users\EMRE\Desktop\eclipse;
USERNAME=EMRE
OS=Windows_NT
PROCESSOR_IDENTIFIER=Intel64 Family 6 Model 142 Stepping 10, GenuineIntel



---------------  S Y S T E M  ---------------

OS: Windows 10.0 , 64 bit Build 17763 (10.0.17763.475)

CPU:total 8 (initial active 8) (4 cores per cpu, 2 threads per core) family 6 model 142 stepping 10, cmov, cx8, fxsr, mmx, sse, sse2, sse3, ssse3, sse4.1, sse4.2, popcnt, avx, avx2, aes, clmul, erms, 3dnowpref, lzcnt, ht, tsc, tscinvbit, bmi1, bmi2, adx

Memory: 4k page, physical 16684260k(8505228k free), swap 38119296k(5412k free)

vm_info: Java HotSpot(TM) 64-Bit Server VM (25.144-b01) for windows-amd64 JRE (1.8.0_144-b01), built on Jul 21 2017 21:57:33 by "java_re" with MS VC++ 10.0 (VS2010)

time: Tue May 14 04:32:55 2019
elapsed time: 0 seconds (0d 0h 0m 0s)

